
> frontend@0.1.0 start
> next start

   ▲ Next.js 15.5.4
   - Local:        http://localhost:3000
   - Network:      http://75.119.140.164:3000

 ✓ Starting...
 ✓ Ready in 1063ms

> frontend@0.1.0 start
> next start

   ▲ Next.js 15.5.4
   - Local:        http://localhost:3000
   - Network:      http://75.119.140.164:3000

 ✓ Starting...
 ✓ Ready in 661ms

> frontend@0.1.0 start
> next start

   ▲ Next.js 15.5.4
   - Local:        http://localhost:3000
   - Network:      http://75.119.140.164:3000

 ✓ Starting...
 ✓ Ready in 1311ms

> frontend@0.1.0 start
> next start

   ▲ Next.js 15.5.4
   - Local:        http://localhost:3000
   - Network:      http://75.119.140.164:3000

 ✓ Starting...
 ✓ Ready in 741ms

> frontend@0.1.0 start
> next start

   ▲ Next.js 15.5.4
   - Local:        http://localhost:3000
   - Network:      http://75.119.140.164:3000

 ✓ Starting...
 ✓ Ready in 622ms

> frontend@0.1.0 start
> next start

   ▲ Next.js 15.5.4
   - Local:        http://localhost:3000
   - Network:      http://75.119.140.164:3000

 ✓ Starting...
 ✓ Ready in 668ms

> frontend@0.1.0 start
> next start

   ▲ Next.js 15.5.4
   - Local:        http://localhost:3000
   - Network:      http://75.119.140.164:3000

 ✓ Starting...
 ✓ Ready in 594ms

> frontend@0.1.0 start
> next start

   ▲ Next.js 15.5.4
   - Local:        http://localhost:3000
   - Network:      http://75.119.140.164:3000

 ✓ Starting...
 ✓ Ready in 730ms

> frontend@0.1.0 start
> next start

   ▲ Next.js 15.5.4
   - Local:        http://localhost:3000
   - Network:      http://75.119.140.164:3000

 ✓ Starting...
 ✓ Ready in 695ms
